2017-11-06 18:16:53,323 - Log4JLogChute initialized using file 'velocity.log'
2017-11-06 18:16:53,324 - Initializing Velocity, Calling init()...
2017-11-06 18:16:53,324 - Starting Apache Velocity v1.7 (compiled: 2010-11-19 12:14:37)
2017-11-06 18:16:53,324 - Default Properties File: org\apache\velocity\runtime\defaults\velocity.properties
2017-11-06 18:16:53,324 - Trying to use logger class org.apache.velocity.runtime.log.AvalonLogChute
2017-11-06 18:16:53,324 - Target log system for org.apache.velocity.runtime.log.AvalonLogChute is not available (java.lang.NoClassDefFoundError: org/apache/log/format/Formatter).  Falling back to next log system...
2017-11-06 18:16:53,324 - Trying to use logger class org.apache.velocity.runtime.log.Log4JLogChute
2017-11-06 18:16:53,325 - Using logger class org.apache.velocity.runtime.log.Log4JLogChute
2017-11-06 18:16:53,344 - ResourceLoader instantiated: org.apache.velocity.runtime.resource.loader.FileResourceLoader
2017-11-06 18:16:53,350 - Do unicode file recognition:  false
2017-11-06 18:16:53,350 - FileResourceLoader : adding path '.'
2017-11-06 18:16:53,467 - ResourceCache: initialized (class org.apache.velocity.runtime.resource.ResourceCacheImpl) with class java.util.Collections$SynchronizedMap cache map.
2017-11-06 18:16:53,474 - Loaded System Directive: org.apache.velocity.runtime.directive.Stop
2017-11-06 18:16:53,479 - Loaded System Directive: org.apache.velocity.runtime.directive.Define
2017-11-06 18:16:53,482 - Loaded System Directive: org.apache.velocity.runtime.directive.Break
2017-11-06 18:16:53,484 - Loaded System Directive: org.apache.velocity.runtime.directive.Evaluate
2017-11-06 18:16:53,487 - Loaded System Directive: org.apache.velocity.runtime.directive.Literal
2017-11-06 18:16:53,493 - Loaded System Directive: org.apache.velocity.runtime.directive.Macro
2017-11-06 18:16:53,498 - Loaded System Directive: org.apache.velocity.runtime.directive.Parse
2017-11-06 18:16:53,504 - Loaded System Directive: org.apache.velocity.runtime.directive.Include
2017-11-06 18:16:53,507 - Loaded System Directive: org.apache.velocity.runtime.directive.Foreach
2017-11-06 18:16:53,669 - Created '20' parsers.
2017-11-06 18:16:53,705 - Velocimacro : "velocimacro.library" is not set.  Trying default library: VM_global_library.vm
2017-11-06 18:16:53,705 - Velocimacro : Default library not found.
2017-11-06 18:16:53,705 - Velocimacro : allowInline = true : VMs can be defined inline in templates
2017-11-06 18:16:53,705 - Velocimacro : allowInlineToOverride = false : VMs defined inline may NOT replace previous VM definitions
2017-11-06 18:16:53,705 - Velocimacro : allowInlineLocal = false : VMs defined inline will be global in scope if allowed.
2017-11-06 18:16:53,705 - Velocimacro : autoload off : VM system will not automatically reload global library macros
2017-11-06 18:16:53,720 - Log4JLogChute initialized using file 'velocity.log'
2017-11-06 18:16:53,720 - Log4JLogChute initialized using file 'velocity.log'
2017-11-06 18:16:53,720 - Initializing Velocity, Calling init()...
2017-11-06 18:16:53,720 - Initializing Velocity, Calling init()...
2017-11-06 18:16:53,720 - Starting Apache Velocity v1.7 (compiled: 2010-11-19 12:14:37)
2017-11-06 18:16:53,720 - Starting Apache Velocity v1.7 (compiled: 2010-11-19 12:14:37)
2017-11-06 18:16:53,720 - Default Properties File: org\apache\velocity\runtime\defaults\velocity.properties
2017-11-06 18:16:53,720 - Default Properties File: org\apache\velocity\runtime\defaults\velocity.properties
2017-11-06 18:16:53,720 - Trying to use logger class org.apache.velocity.runtime.log.AvalonLogChute
2017-11-06 18:16:53,720 - Trying to use logger class org.apache.velocity.runtime.log.AvalonLogChute
2017-11-06 18:16:53,720 - Target log system for org.apache.velocity.runtime.log.AvalonLogChute is not available (java.lang.NoClassDefFoundError: org/apache/log/format/Formatter).  Falling back to next log system...
2017-11-06 18:16:53,720 - Target log system for org.apache.velocity.runtime.log.AvalonLogChute is not available (java.lang.NoClassDefFoundError: org/apache/log/format/Formatter).  Falling back to next log system...
2017-11-06 18:16:53,721 - Trying to use logger class org.apache.velocity.runtime.log.Log4JLogChute
2017-11-06 18:16:53,721 - Trying to use logger class org.apache.velocity.runtime.log.Log4JLogChute
2017-11-06 18:16:53,721 - Using logger class org.apache.velocity.runtime.log.Log4JLogChute
2017-11-06 18:16:53,721 - Using logger class org.apache.velocity.runtime.log.Log4JLogChute
2017-11-06 18:16:53,721 - ResourceLoader instantiated: org.apache.velocity.runtime.resource.loader.FileResourceLoader
2017-11-06 18:16:53,721 - ResourceLoader instantiated: org.apache.velocity.runtime.resource.loader.FileResourceLoader
2017-11-06 18:16:53,721 - Do unicode file recognition:  false
2017-11-06 18:16:53,721 - Do unicode file recognition:  false
2017-11-06 18:16:53,721 - FileResourceLoader : adding path '.'
2017-11-06 18:16:53,721 - FileResourceLoader : adding path '.'
2017-11-06 18:16:53,722 - ResourceCache: initialized (class org.apache.velocity.runtime.resource.ResourceCacheImpl) with class java.util.Collections$SynchronizedMap cache map.
2017-11-06 18:16:53,722 - ResourceCache: initialized (class org.apache.velocity.runtime.resource.ResourceCacheImpl) with class java.util.Collections$SynchronizedMap cache map.
2017-11-06 18:16:53,725 - Loaded System Directive: org.apache.velocity.runtime.directive.Stop
2017-11-06 18:16:53,725 - Loaded System Directive: org.apache.velocity.runtime.directive.Stop
2017-11-06 18:16:53,725 - Loaded System Directive: org.apache.velocity.runtime.directive.Define
2017-11-06 18:16:53,725 - Loaded System Directive: org.apache.velocity.runtime.directive.Define
2017-11-06 18:16:53,725 - Loaded System Directive: org.apache.velocity.runtime.directive.Break
2017-11-06 18:16:53,725 - Loaded System Directive: org.apache.velocity.runtime.directive.Break
2017-11-06 18:16:53,725 - Loaded System Directive: org.apache.velocity.runtime.directive.Evaluate
2017-11-06 18:16:53,725 - Loaded System Directive: org.apache.velocity.runtime.directive.Evaluate
2017-11-06 18:16:53,726 - Loaded System Directive: org.apache.velocity.runtime.directive.Literal
2017-11-06 18:16:53,726 - Loaded System Directive: org.apache.velocity.runtime.directive.Literal
2017-11-06 18:16:53,726 - Loaded System Directive: org.apache.velocity.runtime.directive.Macro
2017-11-06 18:16:53,726 - Loaded System Directive: org.apache.velocity.runtime.directive.Macro
2017-11-06 18:16:53,726 - Loaded System Directive: org.apache.velocity.runtime.directive.Parse
2017-11-06 18:16:53,726 - Loaded System Directive: org.apache.velocity.runtime.directive.Parse
2017-11-06 18:16:53,726 - Loaded System Directive: org.apache.velocity.runtime.directive.Include
2017-11-06 18:16:53,726 - Loaded System Directive: org.apache.velocity.runtime.directive.Include
2017-11-06 18:16:53,726 - Loaded System Directive: org.apache.velocity.runtime.directive.Foreach
2017-11-06 18:16:53,726 - Loaded System Directive: org.apache.velocity.runtime.directive.Foreach
2017-11-06 18:16:53,728 - Created '20' parsers.
2017-11-06 18:16:53,728 - Created '20' parsers.
2017-11-06 18:16:53,729 - Velocimacro : "velocimacro.library" is not set.  Trying default library: VM_global_library.vm
2017-11-06 18:16:53,729 - Velocimacro : "velocimacro.library" is not set.  Trying default library: VM_global_library.vm
2017-11-06 18:16:53,729 - Velocimacro : Default library not found.
2017-11-06 18:16:53,729 - Velocimacro : Default library not found.
2017-11-06 18:16:53,729 - Velocimacro : allowInline = true : VMs can be defined inline in templates
2017-11-06 18:16:53,729 - Velocimacro : allowInline = true : VMs can be defined inline in templates
2017-11-06 18:16:53,729 - Velocimacro : allowInlineToOverride = false : VMs defined inline may NOT replace previous VM definitions
2017-11-06 18:16:53,729 - Velocimacro : allowInlineToOverride = false : VMs defined inline may NOT replace previous VM definitions
2017-11-06 18:16:53,729 - Velocimacro : allowInlineLocal = false : VMs defined inline will be global in scope if allowed.
2017-11-06 18:16:53,729 - Velocimacro : allowInlineLocal = false : VMs defined inline will be global in scope if allowed.
2017-11-06 18:16:53,729 - Velocimacro : autoload off : VM system will not automatically reload global library macros
2017-11-06 18:16:53,729 - Velocimacro : autoload off : VM system will not automatically reload global library macros
2017-11-06 18:16:53,733 - ResourceManager : unable to find resource 'csb-common/src/main/resources/template/generatorConfig.vm' in any resource loader.
2017-11-06 18:16:53,733 - ResourceManager : unable to find resource 'csb-common/src/main/resources/template/generatorConfig.vm' in any resource loader.
2017-11-06 18:19:22,941 - Log4JLogChute initialized using file 'velocity.log'
2017-11-06 18:19:22,944 - Initializing Velocity, Calling init()...
2017-11-06 18:19:22,944 - Starting Apache Velocity v1.7 (compiled: 2010-11-19 12:14:37)
2017-11-06 18:19:22,944 - Default Properties File: org\apache\velocity\runtime\defaults\velocity.properties
2017-11-06 18:19:22,944 - Trying to use logger class org.apache.velocity.runtime.log.AvalonLogChute
2017-11-06 18:19:22,944 - Target log system for org.apache.velocity.runtime.log.AvalonLogChute is not available (java.lang.NoClassDefFoundError: org/apache/log/format/Formatter).  Falling back to next log system...
2017-11-06 18:19:22,945 - Trying to use logger class org.apache.velocity.runtime.log.Log4JLogChute
2017-11-06 18:19:22,945 - Using logger class org.apache.velocity.runtime.log.Log4JLogChute
2017-11-06 18:19:23,013 - ResourceLoader instantiated: org.apache.velocity.runtime.resource.loader.FileResourceLoader
2017-11-06 18:19:23,024 - Do unicode file recognition:  false
2017-11-06 18:19:23,024 - FileResourceLoader : adding path '.'
2017-11-06 18:19:23,054 - ResourceCache: initialized (class org.apache.velocity.runtime.resource.ResourceCacheImpl) with class java.util.Collections$SynchronizedMap cache map.
2017-11-06 18:19:23,057 - Loaded System Directive: org.apache.velocity.runtime.directive.Stop
2017-11-06 18:19:23,060 - Loaded System Directive: org.apache.velocity.runtime.directive.Define
2017-11-06 18:19:23,061 - Loaded System Directive: org.apache.velocity.runtime.directive.Break
2017-11-06 18:19:23,063 - Loaded System Directive: org.apache.velocity.runtime.directive.Evaluate
2017-11-06 18:19:23,064 - Loaded System Directive: org.apache.velocity.runtime.directive.Literal
2017-11-06 18:19:23,069 - Loaded System Directive: org.apache.velocity.runtime.directive.Macro
2017-11-06 18:19:23,071 - Loaded System Directive: org.apache.velocity.runtime.directive.Parse
2017-11-06 18:19:23,078 - Loaded System Directive: org.apache.velocity.runtime.directive.Include
2017-11-06 18:19:23,081 - Loaded System Directive: org.apache.velocity.runtime.directive.Foreach
2017-11-06 18:19:23,150 - Created '20' parsers.
2017-11-06 18:19:23,164 - Velocimacro : "velocimacro.library" is not set.  Trying default library: VM_global_library.vm
2017-11-06 18:19:23,164 - Velocimacro : Default library not found.
2017-11-06 18:19:23,164 - Velocimacro : allowInline = true : VMs can be defined inline in templates
2017-11-06 18:19:23,164 - Velocimacro : allowInlineToOverride = false : VMs defined inline may NOT replace previous VM definitions
2017-11-06 18:19:23,164 - Velocimacro : allowInlineLocal = false : VMs defined inline will be global in scope if allowed.
2017-11-06 18:19:23,164 - Velocimacro : autoload off : VM system will not automatically reload global library macros
2017-11-06 18:19:23,209 - Log4JLogChute initialized using file 'velocity.log'
2017-11-06 18:19:23,209 - Log4JLogChute initialized using file 'velocity.log'
2017-11-06 18:19:23,209 - Initializing Velocity, Calling init()...
2017-11-06 18:19:23,209 - Initializing Velocity, Calling init()...
2017-11-06 18:19:23,209 - Starting Apache Velocity v1.7 (compiled: 2010-11-19 12:14:37)
2017-11-06 18:19:23,209 - Starting Apache Velocity v1.7 (compiled: 2010-11-19 12:14:37)
2017-11-06 18:19:23,209 - Default Properties File: org\apache\velocity\runtime\defaults\velocity.properties
2017-11-06 18:19:23,209 - Default Properties File: org\apache\velocity\runtime\defaults\velocity.properties
2017-11-06 18:19:23,209 - Trying to use logger class org.apache.velocity.runtime.log.AvalonLogChute
2017-11-06 18:19:23,209 - Trying to use logger class org.apache.velocity.runtime.log.AvalonLogChute
2017-11-06 18:19:23,209 - Target log system for org.apache.velocity.runtime.log.AvalonLogChute is not available (java.lang.NoClassDefFoundError: org/apache/log/format/Formatter).  Falling back to next log system...
2017-11-06 18:19:23,209 - Target log system for org.apache.velocity.runtime.log.AvalonLogChute is not available (java.lang.NoClassDefFoundError: org/apache/log/format/Formatter).  Falling back to next log system...
2017-11-06 18:19:23,210 - Trying to use logger class org.apache.velocity.runtime.log.Log4JLogChute
2017-11-06 18:19:23,210 - Trying to use logger class org.apache.velocity.runtime.log.Log4JLogChute
2017-11-06 18:19:23,210 - Using logger class org.apache.velocity.runtime.log.Log4JLogChute
2017-11-06 18:19:23,210 - Using logger class org.apache.velocity.runtime.log.Log4JLogChute
2017-11-06 18:19:23,210 - ResourceLoader instantiated: org.apache.velocity.runtime.resource.loader.FileResourceLoader
2017-11-06 18:19:23,210 - ResourceLoader instantiated: org.apache.velocity.runtime.resource.loader.FileResourceLoader
2017-11-06 18:19:23,210 - Do unicode file recognition:  false
2017-11-06 18:19:23,210 - Do unicode file recognition:  false
2017-11-06 18:19:23,210 - FileResourceLoader : adding path '.'
2017-11-06 18:19:23,210 - FileResourceLoader : adding path '.'
2017-11-06 18:19:23,210 - ResourceCache: initialized (class org.apache.velocity.runtime.resource.ResourceCacheImpl) with class java.util.Collections$SynchronizedMap cache map.
2017-11-06 18:19:23,210 - ResourceCache: initialized (class org.apache.velocity.runtime.resource.ResourceCacheImpl) with class java.util.Collections$SynchronizedMap cache map.
2017-11-06 18:19:23,229 - Loaded System Directive: org.apache.velocity.runtime.directive.Stop
2017-11-06 18:19:23,229 - Loaded System Directive: org.apache.velocity.runtime.directive.Stop
2017-11-06 18:19:23,229 - Loaded System Directive: org.apache.velocity.runtime.directive.Define
2017-11-06 18:19:23,229 - Loaded System Directive: org.apache.velocity.runtime.directive.Define
2017-11-06 18:19:23,230 - Loaded System Directive: org.apache.velocity.runtime.directive.Break
2017-11-06 18:19:23,230 - Loaded System Directive: org.apache.velocity.runtime.directive.Break
2017-11-06 18:19:23,230 - Loaded System Directive: org.apache.velocity.runtime.directive.Evaluate
2017-11-06 18:19:23,230 - Loaded System Directive: org.apache.velocity.runtime.directive.Evaluate
2017-11-06 18:19:23,230 - Loaded System Directive: org.apache.velocity.runtime.directive.Literal
2017-11-06 18:19:23,230 - Loaded System Directive: org.apache.velocity.runtime.directive.Literal
2017-11-06 18:19:23,230 - Loaded System Directive: org.apache.velocity.runtime.directive.Macro
2017-11-06 18:19:23,230 - Loaded System Directive: org.apache.velocity.runtime.directive.Macro
2017-11-06 18:19:23,231 - Loaded System Directive: org.apache.velocity.runtime.directive.Parse
2017-11-06 18:19:23,231 - Loaded System Directive: org.apache.velocity.runtime.directive.Parse
2017-11-06 18:19:23,231 - Loaded System Directive: org.apache.velocity.runtime.directive.Include
2017-11-06 18:19:23,231 - Loaded System Directive: org.apache.velocity.runtime.directive.Include
2017-11-06 18:19:23,231 - Loaded System Directive: org.apache.velocity.runtime.directive.Foreach
2017-11-06 18:19:23,231 - Loaded System Directive: org.apache.velocity.runtime.directive.Foreach
2017-11-06 18:19:23,232 - Created '20' parsers.
2017-11-06 18:19:23,232 - Created '20' parsers.
2017-11-06 18:19:23,232 - Velocimacro : "velocimacro.library" is not set.  Trying default library: VM_global_library.vm
2017-11-06 18:19:23,232 - Velocimacro : "velocimacro.library" is not set.  Trying default library: VM_global_library.vm
2017-11-06 18:19:23,232 - Velocimacro : Default library not found.
2017-11-06 18:19:23,232 - Velocimacro : Default library not found.
2017-11-06 18:19:23,233 - Velocimacro : allowInline = true : VMs can be defined inline in templates
2017-11-06 18:19:23,233 - Velocimacro : allowInline = true : VMs can be defined inline in templates
2017-11-06 18:19:23,233 - Velocimacro : allowInlineToOverride = false : VMs defined inline may NOT replace previous VM definitions
2017-11-06 18:19:23,233 - Velocimacro : allowInlineToOverride = false : VMs defined inline may NOT replace previous VM definitions
2017-11-06 18:19:23,233 - Velocimacro : allowInlineLocal = false : VMs defined inline will be global in scope if allowed.
2017-11-06 18:19:23,233 - Velocimacro : allowInlineLocal = false : VMs defined inline will be global in scope if allowed.
2017-11-06 18:19:23,233 - Velocimacro : autoload off : VM system will not automatically reload global library macros
2017-11-06 18:19:23,233 - Velocimacro : autoload off : VM system will not automatically reload global library macros
2017-11-06 18:19:23,255 - ResourceManager : unable to find resource 'csb-core-common/src/main/resources/template/generatorConfig.vm' in any resource loader.
2017-11-06 18:19:23,255 - ResourceManager : unable to find resource 'csb-core-common/src/main/resources/template/generatorConfig.vm' in any resource loader.
2017-11-06 18:28:05,086 - Log4JLogChute initialized using file 'velocity.log'
2017-11-06 18:28:05,087 - Initializing Velocity, Calling init()...
2017-11-06 18:28:05,087 - Starting Apache Velocity v1.7 (compiled: 2010-11-19 12:14:37)
2017-11-06 18:28:05,087 - Default Properties File: org\apache\velocity\runtime\defaults\velocity.properties
2017-11-06 18:28:05,087 - Trying to use logger class org.apache.velocity.runtime.log.AvalonLogChute
2017-11-06 18:28:05,087 - Target log system for org.apache.velocity.runtime.log.AvalonLogChute is not available (java.lang.NoClassDefFoundError: org/apache/log/format/Formatter).  Falling back to next log system...
2017-11-06 18:28:05,087 - Trying to use logger class org.apache.velocity.runtime.log.Log4JLogChute
2017-11-06 18:28:05,087 - Using logger class org.apache.velocity.runtime.log.Log4JLogChute
2017-11-06 18:28:05,105 - ResourceLoader instantiated: org.apache.velocity.runtime.resource.loader.FileResourceLoader
2017-11-06 18:28:05,111 - Do unicode file recognition:  false
2017-11-06 18:28:05,111 - FileResourceLoader : adding path '.'
2017-11-06 18:28:05,150 - ResourceCache: initialized (class org.apache.velocity.runtime.resource.ResourceCacheImpl) with class java.util.Collections$SynchronizedMap cache map.
2017-11-06 18:28:05,156 - Loaded System Directive: org.apache.velocity.runtime.directive.Stop
2017-11-06 18:28:05,161 - Loaded System Directive: org.apache.velocity.runtime.directive.Define
2017-11-06 18:28:05,164 - Loaded System Directive: org.apache.velocity.runtime.directive.Break
2017-11-06 18:28:05,167 - Loaded System Directive: org.apache.velocity.runtime.directive.Evaluate
2017-11-06 18:28:05,169 - Loaded System Directive: org.apache.velocity.runtime.directive.Literal
2017-11-06 18:28:05,174 - Loaded System Directive: org.apache.velocity.runtime.directive.Macro
2017-11-06 18:28:05,179 - Loaded System Directive: org.apache.velocity.runtime.directive.Parse
2017-11-06 18:28:05,185 - Loaded System Directive: org.apache.velocity.runtime.directive.Include
2017-11-06 18:28:05,187 - Loaded System Directive: org.apache.velocity.runtime.directive.Foreach
2017-11-06 18:28:05,261 - Created '20' parsers.
2017-11-06 18:28:05,300 - Velocimacro : "velocimacro.library" is not set.  Trying default library: VM_global_library.vm
2017-11-06 18:28:05,300 - Velocimacro : Default library not found.
2017-11-06 18:28:05,300 - Velocimacro : allowInline = true : VMs can be defined inline in templates
2017-11-06 18:28:05,300 - Velocimacro : allowInlineToOverride = false : VMs defined inline may NOT replace previous VM definitions
2017-11-06 18:28:05,300 - Velocimacro : allowInlineLocal = false : VMs defined inline will be global in scope if allowed.
2017-11-06 18:28:05,300 - Velocimacro : autoload off : VM system will not automatically reload global library macros
2017-11-06 18:28:05,313 - Log4JLogChute initialized using file 'velocity.log'
2017-11-06 18:28:05,313 - Log4JLogChute initialized using file 'velocity.log'
2017-11-06 18:28:05,314 - Initializing Velocity, Calling init()...
2017-11-06 18:28:05,314 - Initializing Velocity, Calling init()...
2017-11-06 18:28:05,314 - Starting Apache Velocity v1.7 (compiled: 2010-11-19 12:14:37)
2017-11-06 18:28:05,314 - Starting Apache Velocity v1.7 (compiled: 2010-11-19 12:14:37)
2017-11-06 18:28:05,314 - Default Properties File: org\apache\velocity\runtime\defaults\velocity.properties
2017-11-06 18:28:05,314 - Default Properties File: org\apache\velocity\runtime\defaults\velocity.properties
2017-11-06 18:28:05,314 - Trying to use logger class org.apache.velocity.runtime.log.AvalonLogChute
2017-11-06 18:28:05,314 - Trying to use logger class org.apache.velocity.runtime.log.AvalonLogChute
2017-11-06 18:28:05,314 - Target log system for org.apache.velocity.runtime.log.AvalonLogChute is not available (java.lang.NoClassDefFoundError: org/apache/log/format/Formatter).  Falling back to next log system...
2017-11-06 18:28:05,314 - Target log system for org.apache.velocity.runtime.log.AvalonLogChute is not available (java.lang.NoClassDefFoundError: org/apache/log/format/Formatter).  Falling back to next log system...
2017-11-06 18:28:05,314 - Trying to use logger class org.apache.velocity.runtime.log.Log4JLogChute
2017-11-06 18:28:05,314 - Trying to use logger class org.apache.velocity.runtime.log.Log4JLogChute
2017-11-06 18:28:05,314 - Using logger class org.apache.velocity.runtime.log.Log4JLogChute
2017-11-06 18:28:05,314 - Using logger class org.apache.velocity.runtime.log.Log4JLogChute
2017-11-06 18:28:05,315 - ResourceLoader instantiated: org.apache.velocity.runtime.resource.loader.FileResourceLoader
2017-11-06 18:28:05,315 - ResourceLoader instantiated: org.apache.velocity.runtime.resource.loader.FileResourceLoader
2017-11-06 18:28:05,315 - Do unicode file recognition:  false
2017-11-06 18:28:05,315 - Do unicode file recognition:  false
2017-11-06 18:28:05,315 - FileResourceLoader : adding path '.'
2017-11-06 18:28:05,315 - FileResourceLoader : adding path '.'
2017-11-06 18:28:05,315 - ResourceCache: initialized (class org.apache.velocity.runtime.resource.ResourceCacheImpl) with class java.util.Collections$SynchronizedMap cache map.
2017-11-06 18:28:05,315 - ResourceCache: initialized (class org.apache.velocity.runtime.resource.ResourceCacheImpl) with class java.util.Collections$SynchronizedMap cache map.
2017-11-06 18:28:05,319 - Loaded System Directive: org.apache.velocity.runtime.directive.Stop
2017-11-06 18:28:05,319 - Loaded System Directive: org.apache.velocity.runtime.directive.Stop
2017-11-06 18:28:05,319 - Loaded System Directive: org.apache.velocity.runtime.directive.Define
2017-11-06 18:28:05,319 - Loaded System Directive: org.apache.velocity.runtime.directive.Define
2017-11-06 18:28:05,319 - Loaded System Directive: org.apache.velocity.runtime.directive.Break
2017-11-06 18:28:05,319 - Loaded System Directive: org.apache.velocity.runtime.directive.Break
2017-11-06 18:28:05,319 - Loaded System Directive: org.apache.velocity.runtime.directive.Evaluate
2017-11-06 18:28:05,319 - Loaded System Directive: org.apache.velocity.runtime.directive.Evaluate
2017-11-06 18:28:05,319 - Loaded System Directive: org.apache.velocity.runtime.directive.Literal
2017-11-06 18:28:05,319 - Loaded System Directive: org.apache.velocity.runtime.directive.Literal
2017-11-06 18:28:05,320 - Loaded System Directive: org.apache.velocity.runtime.directive.Macro
2017-11-06 18:28:05,320 - Loaded System Directive: org.apache.velocity.runtime.directive.Macro
2017-11-06 18:28:05,320 - Loaded System Directive: org.apache.velocity.runtime.directive.Parse
2017-11-06 18:28:05,320 - Loaded System Directive: org.apache.velocity.runtime.directive.Parse
2017-11-06 18:28:05,320 - Loaded System Directive: org.apache.velocity.runtime.directive.Include
2017-11-06 18:28:05,320 - Loaded System Directive: org.apache.velocity.runtime.directive.Include
2017-11-06 18:28:05,320 - Loaded System Directive: org.apache.velocity.runtime.directive.Foreach
2017-11-06 18:28:05,320 - Loaded System Directive: org.apache.velocity.runtime.directive.Foreach
2017-11-06 18:28:05,322 - Created '20' parsers.
2017-11-06 18:28:05,322 - Created '20' parsers.
2017-11-06 18:28:05,322 - Velocimacro : "velocimacro.library" is not set.  Trying default library: VM_global_library.vm
2017-11-06 18:28:05,322 - Velocimacro : "velocimacro.library" is not set.  Trying default library: VM_global_library.vm
2017-11-06 18:28:05,323 - Velocimacro : Default library not found.
2017-11-06 18:28:05,323 - Velocimacro : Default library not found.
2017-11-06 18:28:05,323 - Velocimacro : allowInline = true : VMs can be defined inline in templates
2017-11-06 18:28:05,323 - Velocimacro : allowInline = true : VMs can be defined inline in templates
2017-11-06 18:28:05,323 - Velocimacro : allowInlineToOverride = false : VMs defined inline may NOT replace previous VM definitions
2017-11-06 18:28:05,323 - Velocimacro : allowInlineToOverride = false : VMs defined inline may NOT replace previous VM definitions
2017-11-06 18:28:05,323 - Velocimacro : allowInlineLocal = false : VMs defined inline will be global in scope if allowed.
2017-11-06 18:28:05,323 - Velocimacro : allowInlineLocal = false : VMs defined inline will be global in scope if allowed.
2017-11-06 18:28:05,323 - Velocimacro : autoload off : VM system will not automatically reload global library macros
2017-11-06 18:28:05,323 - Velocimacro : autoload off : VM system will not automatically reload global library macros
2017-11-06 18:28:05,327 - ResourceManager : unable to find resource 'csb-core-common/src/main/resources/template/generatorConfig.vm' in any resource loader.
2017-11-06 18:28:05,327 - ResourceManager : unable to find resource 'csb-core-common/src/main/resources/template/generatorConfig.vm' in any resource loader.
